https://git.heroku.com/zuetamyflix.git


mongoimport --uri mongodb+srv://zueta:<PASSWORD>@myflixdb.hsfga.mongodb.net/<DATABASE> --collection <COLLECTION> --type <FILETYPE> --file <FILENAME>


/*mongoimport*/
mongoimport 
    --uri mongodb+srv://zueta:gniwled@myflixdb.hsfga.mongodb.net/myflixdb 
    --collection movies 
    --type json 
    --file <FILENAME>




mongoimport 
    --host mongodb+srv://zueta:gniwled@myflixdb.hsfga.mongodb.net/myflixdb
    --ssl 
    --username zueta
    --password gniwled
    --authenticationDatabase admin
    --db myFlixDB
    --collection movies
    --type json
    --file ../exported_collections/movies.json



mongoimport 
    --host myFlixDB-shard-0/myflixdb-shard-00-00-jvame.mongodb.net:27017,myflixdb-shard-00-01-jvame.mongodb.net:27017,myflixdb-shard-00-02-jvame.mongodb.net:27017 
    --ssl 
    --username myFlixDBadmin 
    --password 12345
    --authenticationDatabase admin
    --db myFlixDB
    --collection movies
    --type json
    --file ../exported_collections/movies.json

mongo "mongodb+srv://myflixdb.hsfga.mongodb.net/myFlixDB" --username zueta




/* mongoexport */
mongoexport --uri mongodb+srv://zueta:gniwled@myflixdb.hsfga.mongodb.net/myflixdb --collection <COLLECTION> --type <FILETYPE> --out <FILENAME>


/* heroku uri*/
https://obscure-chamber-94776.herokuapp.com/ | https://git.heroku.com/obscure-chamber-94776.git

